<?xml version="1.0" encoding="UTF-8"?>
<testsuite name="[14] org.eclipse.osgi-technology.opentelemetry.core.sender.http-tests;0.1.0.SNAPSHOT" tests="5" skipped="0" failures="0" errors="0" time="10.886" hostname="fedora" timestamp="2026-03-27T15:24:16">
<properties>
[...]
</properties>
<testcase name="pidConstantIsCorrect()" classname="org.eclipse.osgi.technology.opentelemetry.sender.http.impl.integration.HttpSenderIntegrationTest" time="0.034">
</testcase>
<testcase name="noServiceWithoutConfiguration(ServiceAware)" classname="org.eclipse.osgi.technology.opentelemetry.sender.http.impl.integration.HttpSenderIntegrationTest" time="0.02">
</testcase>
<testcase name="serviceIsRegisteredAfterConfiguration(OpenTelemetry)" classname="org.eclipse.osgi.technology.opentelemetry.sender.http.impl.integration.HttpSenderIntegrationTest" time="0.476">
</testcase>
<testcase name="sendsProtobufContentType(OpenTelemetry)" classname="org.eclipse.osgi.technology.opentelemetry.sender.http.impl.integration.HttpSenderIntegrationTest" time="5.176">
</testcase>
<testcase name="sendsTracesToEndpoint(OpenTelemetry)" classname="org.eclipse.osgi.technology.opentelemetry.sender.http.impl.integration.HttpSenderIntegrationTest" time="5.118">
</testcase>
</testsuite>
