<?xml version="1.0" encoding="UTF-8"?>
<testsuite name="[19] org.eclipse.osgi-technology.opentelemetry.weaving.hook;0.1.0.SNAPSHOT" tests="1" skipped="0" failures="1" errors="0" time="1.236" hostname="fedora" timestamp="2026-03-27T21:32:43">
<properties>
[...]
</properties>
<testcase name="servletRequestCreatesSpan()" classname="org.eclipse.osgi.technology.opentelemetry.weaving.jakarta.servlet.integration.ServletWeaverIntegrationTest" time="0.917">
<failure message="
Expecting actual not to be empty" type="java.lang.AssertionError"><![CDATA[java.lang.AssertionError: 
Expecting actual not to be empty
	at org.eclipse.osgi.technology.opentelemetry.weaving.jakarta.servlet.integration.ServletWeaverIntegrationTest.servletRequestCreatesSpan(ServletWeaverIntegrationTest.java:135)
	at java.base/java.lang.reflect.Method.invoke(Method.java:580)
	at java.base/java.util.ArrayList.forEach(ArrayList.java:1596)
	at java.base/java.util.ArrayList.forEach(ArrayList.java:1596)
	at aQute.tester.bundle.engine.BundleDescriptor.executeChild(BundleDescriptor.java:46)
	at aQute.tester.bundle.engine.BundleEngine.lambda$executeBundle$7(BundleEngine.java:120)
	at java.base/java.util.stream.ForEachOps$ForEachOp$OfRef.accept(ForEachOps.java:184)
	at java.base/java.util.stream.ReferencePipeline$2$1.accept(ReferencePipeline.java:179)
	at java.base/java.util.Iterator.forEachRemaining(Iterator.java:133)
	at java.base/java.util.Spliterators$IteratorSpliterator.forEachRemaining(Spliterators.java:1939)
	at java.base/java.util.stream.AbstractPipeline.copyInto(AbstractPipeline.java:509)
	at java.base/java.util.stream.AbstractPipeline.wrapAndCopyInto(AbstractPipeline.java:499)
	at java.base/java.util.stream.ForEachOps$ForEachOp.evaluateSequential(ForEachOps.java:151)
	at java.base/java.util.stream.ForEachOps$ForEachOp$OfRef.evaluateSequential(ForEachOps.java:174)
	at java.base/java.util.stream.AbstractPipeline.evaluate(AbstractPipeline.java:234)
	at java.base/java.util.stream.ReferencePipeline.forEach(ReferencePipeline.java:596)
	at aQute.tester.bundle.engine.BundleEngine.executeBundle(BundleEngine.java:120)
	at aQute.tester.bundle.engine.BundleEngine.lambda$executeBundle$8(BundleEngine.java:133)
	at java.base/java.util.stream.ForEachOps$ForEachOp$OfRef.accept(ForEachOps.java:184)
	at java.base/java.util.stream.ReferencePipeline$3$1.accept(ReferencePipeline.java:197)
	at java.base/java.util.stream.ReferencePipeline$2$1.accept(ReferencePipeline.java:179)
	at java.base/java.util.Iterator.forEachRemaining(Iterator.java:133)
	at java.base/java.util.Spliterators$IteratorSpliterator.forEachRemaining(Spliterators.java:1939)
	at java.base/java.util.stream.AbstractPipeline.copyInto(AbstractPipeline.java:509)
	at java.base/java.util.stream.AbstractPipeline.wrapAndCopyInto(AbstractPipeline.java:499)
	at java.base/java.util.stream.ForEachOps$ForEachOp.evaluateSequential(ForEachOps.java:151)
	at java.base/java.util.stream.ForEachOps$ForEachOp$OfRef.evaluateSequential(ForEachOps.java:174)
	at java.base/java.util.stream.AbstractPipeline.evaluate(AbstractPipeline.java:234)
	at java.base/java.util.stream.ReferencePipeline.forEach(ReferencePipeline.java:596)
	at aQute.tester.bundle.engine.BundleEngine.executeBundle(BundleEngine.java:133)
	at aQute.tester.bundle.engine.BundleEngine.lambda$execute$5(BundleEngine.java:100)
	at java.base/java.util.stream.ForEachOps$ForEachOp$OfRef.accept(ForEachOps.java:184)
	at java.base/java.util.stream.ReferencePipeline$3$1.accept(ReferencePipeline.java:197)
	at java.base/java.util.stream.ReferencePipeline$2$1.accept(ReferencePipeline.java:179)
	at java.base/java.util.Iterator.forEachRemaining(Iterator.java:133)
	at java.base/java.util.Spliterators$IteratorSpliterator.forEachRemaining(Spliterators.java:1939)
	at java.base/java.util.stream.AbstractPipeline.copyInto(AbstractPipeline.java:509)
	at java.base/java.util.stream.AbstractPipeline.wrapAndCopyInto(AbstractPipeline.java:499)
	at java.base/java.util.stream.ForEachOps$ForEachOp.evaluateSequential(ForEachOps.java:151)
	at java.base/java.util.stream.ForEachOps$ForEachOp$OfRef.evaluateSequential(ForEachOps.java:174)
	at java.base/java.util.stream.AbstractPipeline.evaluate(AbstractPipeline.java:234)
	at java.base/java.util.stream.ReferencePipeline.forEach(ReferencePipeline.java:596)
	at aQute.tester.bundle.engine.BundleEngine.execute(BundleEngine.java:100)
]]></failure>
</testcase>
</testsuite>
